Log file open, 07/19/18 22:11:49
LogWindows: Failed to load 'aqProf.dll' (GetLastError=126)
LogWindows: File 'aqProf.dll' does not exist
LogWindows: Failed to load 'VtuneApi.dll' (GetLastError=126)
LogWindows: File 'VtuneApi.dll' does not exist
LogWindows: Failed to load 'VtuneApi32e.dll' (GetLastError=126)
LogWindows: File 'VtuneApi32e.dll' does not exist
LogInit: Display: Running engine for game: Project_Alpha
LogPlatformFile: Not using cached read wrapper
LogInit: Display: RandInit(1630477839) SRandInit(1630477839).
LogInit: Read version file with build ID '3944462'
LogInit: Overriding engine version to CL 4033788, compatible CL 3944462
LogInit: Registered custom module enumerator with build ID '3944462'
LogTaskGraph: Started task graph with 5 named threads and 11 total threads with 3 sets of task threads.
LogStats: Stats thread started at 15.300004
LogD3D11RHI: Aftermath initialized
LogICUInternationalization: Display: ICU TimeZone Detection - Raw Offset: +2:00, Platform Override: ''
LogModuleManager: Display: Found up-to-date module file ../../../Engine/Plugins/2D/Paper2D/Binaries/Win64/UE4Editor-Paper2D.dll (API version 3944462).
LogModuleManager: Display: Found up-to-date module file ../../../Engine/Plugins/2D/Paper2D/Binaries/Win64/UE4Editor-Paper2DEditor.dll (API version 3944462).
LogModuleManager: Display: Found up-to-date module file ../../../Engine/Plugins/2D/Paper2D/Binaries/Win64/UE4Editor-PaperSpriteSheetImporter.dll (API version 3944462).
LogModuleManager: Display: Found up-to-date module file ../../../Engine/Plugins/2D/Paper2D/Binaries/Win64/UE4Editor-PaperTiledImporter.dll (API version 3944462).
LogModuleManager: Display: Found up-to-date module file ../../../Engine/Plugins/2D/Paper2D/Binaries/Win64/UE4Editor-SmartSnapping.dll (API version 3944462).
LogModuleManager: Display: Found up-to-date module file ../../../Engine/Plugins/Blendables/LightPropagationVolume/Binaries/Win64/UE4Editor-LightPropagationVolumeRuntime.dll (API version 3944462).
LogModuleManager: Display: Found up-to-date module file ../../../Engine/Plugins/Blendables/LightPropagationVolume/Binaries/Win64/UE4Editor-LightPropagationVolumeEditor.dll (API version 3944462).
LogModuleManager: Display: Found up-to-date module file ../../../Engine/Plugins/Developer/CLionSourceCodeAccess/Binaries/Win64/UE4Editor-CLionSourceCodeAccess.dll (API version 3944462).
LogModuleManager: Display: Found up-to-date module file ../../../Engine/Plugins/Developer/GitSourceControl/Binaries/Win64/UE4Editor-GitSourceControl.dll (API version 3944462).
LogModuleManager: Display: Found up-to-date module file ../../../Engine/Plugins/Developer/PerforceSourceControl/Binaries/Win64/UE4Editor-PerforceSourceControl.dll (API version 3944462).
LogModuleManager: Display: Found up-to-date module file ../../../Engine/Plugins/Developer/SubversionSourceControl/Binaries/Win64/UE4Editor-SubversionSourceControl.dll (API version 3944462).
LogModuleManager: Display: Found up-to-date module file ../../../Engine/Plugins/Developer/UObjectPlugin/Binaries/Win64/UE4Editor-UObjectPlugin.dll (API version 3944462).
LogModuleManager: Display: Found up-to-date module file ../../../Engine/Plugins/Developer/VisualStudioCodeSourceCodeAccess/Binaries/Win64/UE4Editor-VisualStudioCodeSourceCodeAccess.dll (API version 3944462).
LogModuleManager: Display: Found up-to-date module file ../../../Engine/Plugins/Developer/VisualStudioSourceCodeAccess/Binaries/Win64/UE4Editor-VisualStudioSourceCodeAccess.dll (API version 3944462).
LogModuleManager: Display: Found up-to-date module file ../../../Engine/Plugins/Editor/AssetManagerEditor/Binaries/Win64/UE4Editor-AssetManagerEditor.dll (API version 3944462).
LogModuleManager: Display: Found up-to-date module file ../../../Engine/Plugins/Editor/CryptoKeys/Binaries/Win64/UE4Editor-CryptoKeys.dll (API version 3944462).
LogModuleManager: Display: Found up-to-date module file ../../../Engine/Plugins/Editor/CryptoKeys/Binaries/Win64/UE4Editor-CryptoKeysOpenSSL.dll (API version 3944462).
LogModuleManager: Display: Found up-to-date module file ../../../Engine/Plugins/Editor/DataValidation/Binaries/Win64/UE4Editor-DataValidation.dll (API version 3944462).
LogModuleManager: Display: Found up-to-date module file ../../../Engine/Plugins/Editor/FacialAnimation/Binaries/Win64/UE4Editor-FacialAnimation.dll (API version 3944462).
LogModuleManager: Display: Found up-to-date module file ../../../Engine/Plugins/Editor/FacialAnimation/Binaries/Win64/UE4Editor-FacialAnimationEditor.dll (API version 3944462).
LogModuleManager: Display: Found up-to-date module file ../../../Engine/Plugins/Editor/GameplayTagsEditor/Binaries/Win64/UE4Editor-GameplayTagsEditor.dll (API version 3944462).
LogModuleManager: Display: Found up-to-date module file ../../../Engine/Plugins/Editor/MobileLauncherProfileWizard/Binaries/Win64/UE4Editor-MobileLauncherProfileWizard.dll (API version 3944462).
LogModuleManager: Display: Found up-to-date module file ../../../Engine/Plugins/Editor/PluginBrowser/Binaries/Win64/UE4Editor-PluginBrowser.dll (API version 3944462).
LogModuleManager: Display: Found up-to-date module file ../../../Engine/Plugins/Editor/SpeedTreeImporter/Binaries/Win64/UE4Editor-SpeedTreeImporter.dll (API version 3944462).
LogModuleManager: Display: Found up-to-date module file ../../../Engine/Plugins/Enterprise/DatasmithContent/Binaries/Win64/UE4Editor-DatasmithContent.dll (API version 3944462).
LogModuleManager: Display: Found up-to-date module file ../../../Engine/Plugins/Experimental/AlembicImporter/Binaries/Win64/UE4Editor-AlembicImporter.dll (API version 3944462).
LogModuleManager: Display: Found up-to-date module file ../../../Engine/Plugins/Experimental/AlembicImporter/Binaries/Win64/UE4Editor-AlembicLibrary.dll (API version 3944462).
LogModuleManager: Display: Found up-to-date module file ../../../Engine/Plugins/Experimental/CharacterAI/Binaries/Win64/UE4Editor-CharacterAI.dll (API version 3944462).
LogModuleManager: Display: Found up-to-date module file ../../../Engine/Plugins/Experimental/HTML5Networking/Binaries/Win64/UE4Editor-HTML5Networking.dll (API version 3944462).
LogModuleManager: Display: Found up-to-date module file ../../../Engine/Plugins/Media/AndroidMedia/Binaries/Win64/UE4Editor-AndroidMediaEditor.dll (API version 3944462).
LogModuleManager: Display: Found up-to-date module file ../../../Engine/Plugins/Media/AndroidMedia/Binaries/Win64/UE4Editor-AndroidMediaFactory.dll (API version 3944462).
LogModuleManager: Display: Found up-to-date module file ../../../Engine/Plugins/Media/AvfMedia/Binaries/Win64/UE4Editor-AvfMediaEditor.dll (API version 3944462).
LogModuleManager: Display: Found up-to-date module file ../../../Engine/Plugins/Media/AvfMedia/Binaries/Win64/UE4Editor-AvfMediaFactory.dll (API version 3944462).
LogModuleManager: Display: Found up-to-date module file ../../../Engine/Plugins/Media/AvfMedia/Binaries/Win64/UE4Editor-AvfMediaFactory.dll (API version 3944462).
LogModuleManager: Display: Found up-to-date module file ../../../Engine/Plugins/Media/ImgMedia/Binaries/Win64/UE4Editor-ImgMedia.dll (API version 3944462).
LogModuleManager: Display: Found up-to-date module file ../../../Engine/Plugins/Media/ImgMedia/Binaries/Win64/UE4Editor-ImgMediaEditor.dll (API version 3944462).
LogModuleManager: Display: Found up-to-date module file ../../../Engine/Plugins/Media/ImgMedia/Binaries/Win64/UE4Editor-ImgMediaFactory.dll (API version 3944462).
LogModuleManager: Display: Found up-to-date module file ../../../Engine/Plugins/Media/ImgMedia/Binaries/Win64/UE4Editor-ImgMediaFactory.dll (API version 3944462).
LogModuleManager: Display: Found up-to-date module file ../../../Engine/Plugins/Media/ImgMedia/Binaries/Win64/UE4Editor-OpenExrWrapper.dll (API version 3944462).
LogModuleManager: Display: Found up-to-date module file ../../../Engine/Plugins/Media/LinearTimecode/Binaries/Win64/UE4Editor-LinearTimecode.dll (API version 3944462).
LogModuleManager: Display: Found up-to-date module file ../../../Engine/Plugins/Media/MediaCompositing/Binaries/Win64/UE4Editor-MediaCompositing.dll (API version 3944462).
LogModuleManager: Display: Found up-to-date module file ../../../Engine/Plugins/Media/MediaCompositing/Binaries/Win64/UE4Editor-MediaCompositingEditor.dll (API version 3944462).
LogModuleManager: Display: Found up-to-date module file ../../../Engine/Plugins/Media/MediaPlayerEditor/Binaries/Win64/UE4Editor-MediaPlayerEditor.dll (API version 3944462).
LogModuleManager: Display: Found up-to-date module file ../../../Engine/Plugins/Media/WmfMedia/Binaries/Win64/UE4Editor-WmfMedia.dll (API version 3944462).
LogModuleManager: Display: Found up-to-date module file ../../../Engine/Plugins/Media/WmfMedia/Binaries/Win64/UE4Editor-WmfMediaEditor.dll (API version 3944462).
LogModuleManager: Display: Found up-to-date module file ../../../Engine/Plugins/Media/WmfMedia/Binaries/Win64/UE4Editor-WmfMediaFactory.dll (API version 3944462).
LogModuleManager: Display: Found up-to-date module file ../../../Engine/Plugins/Media/WmfMedia/Binaries/Win64/UE4Editor-WmfMediaFactory.dll (API version 3944462).
LogModuleManager: Display: Found up-to-date module file ../../../Engine/Plugins/Messaging/TcpMessaging/Binaries/Win64/UE4Editor-TcpMessaging.dll (API version 3944462).
LogModuleManager: Display: Found up-to-date module file ../../../Engine/Plugins/Messaging/UdpMessaging/Binaries/Win64/UE4Editor-UdpMessaging.dll (API version 3944462).
LogModuleManager: Display: Found up-to-date module file ../../../Engine/Plugins/MovieScene/ActorSequence/Binaries/Win64/UE4Editor-ActorSequence.dll (API version 3944462).
LogModuleManager: Display: Found up-to-date module file ../../../Engine/Plugins/MovieScene/LevelSequenceEditor/Binaries/Win64/UE4Editor-LevelSequenceEditor.dll (API version 3944462).
LogModuleManager: Display: Found up-to-date module file ../../../Engine/Plugins/MovieScene/MatineeToLevelSequence/Binaries/Win64/UE4Editor-MatineeToLevelSequence.dll (API version 3944462).
LogModuleManager: Display: Found up-to-date module file ../../../Engine/Plugins/NetcodeUnitTest/NetcodeUnitTest/Binaries/Win64/UE4Editor-NetcodeUnitTest.dll (API version 3944462).
LogModuleManager: Display: Found up-to-date module file ../../../Engine/Plugins/NetcodeUnitTest/NUTUnrealEngine4/Binaries/Win64/UE4Editor-NUTUnrealEngine4.dll (API version 3944462).
LogModuleManager: Display: Found up-to-date module file ../../../Engine/Plugins/Online/OnlineSubsystem/Binaries/Win64/UE4Editor-OnlineSubsystem.dll (API version 3944462).
LogModuleManager: Display: Found up-to-date module file ../../../Engine/Plugins/Runtime/AndroidPermission/Binaries/Win64/UE4Editor-AndroidPermission.dll (API version 3944462).
LogModuleManager: Display: Found up-to-date module file ../../../Engine/Plugins/Online/OnlineSubsystemNull/Binaries/Win64/UE4Editor-OnlineSubsystemNull.dll (API version 3944462).
LogModuleManager: Display: Found up-to-date module file ../../../Engine/Plugins/Online/OnlineSubsystemUtils/Binaries/Win64/UE4Editor-OnlineSubsystemUtils.dll (API version 3944462).
LogModuleManager: Display: Found up-to-date module file ../../../Engine/Plugins/Online/OnlineSubsystemUtils/Binaries/Win64/UE4Editor-OnlineBlueprintSupport.dll (API version 3944462).
LogModuleManager: Display: Found up-to-date module file ../../../Engine/Plugins/Runtime/AndroidDeviceProfileSelector/Binaries/Win64/UE4Editor-AndroidDeviceProfileSelector.dll (API version 3944462).
LogModuleManager: Display: Found up-to-date module file ../../../Engine/Plugins/Runtime/AppleARKit/Binaries/Win64/UE4Editor-AppleARKit.dll (API version 3944462).
LogModuleManager: Display: Found up-to-date module file ../../../Engine/Plugins/Runtime/ProceduralMeshComponent/Binaries/Win64/UE4Editor-ProceduralMeshComponent.dll (API version 3944462).
LogModuleManager: Display: Found up-to-date module file ../../../Engine/Plugins/Runtime/ProceduralMeshComponent/Binaries/Win64/UE4Editor-ProceduralMeshComponentEditor.dll (API version 3944462).
LogModuleManager: Display: Found up-to-date module file ../../../Engine/Plugins/Animation/LiveLink/Binaries/Win64/UE4Editor-LiveLink.dll (API version 3944462).
LogModuleManager: Display: Found up-to-date module file ../../../Engine/Plugins/Animation/LiveLink/Binaries/Win64/UE4Editor-LiveLinkEditor.dll (API version 3944462).
LogModuleManager: Display: Found up-to-date module file ../../../Engine/Plugins/Runtime/ArchVisCharacter/Binaries/Win64/UE4Editor-ArchVisCharacter.dll (API version 3944462).
LogModuleManager: Display: Found up-to-date module file ../../../Engine/Plugins/Runtime/AudioCapture/Binaries/Win64/UE4Editor-AudioCapture.dll (API version 3944462).
LogModuleManager: Display: Found up-to-date module file ../../../Engine/Plugins/Runtime/AudioCapture/Binaries/Win64/UE4Editor-AudioCaptureEditor.dll (API version 3944462).
LogModuleManager: Display: Found up-to-date module file ../../../Engine/Plugins/Runtime/CableComponent/Binaries/Win64/UE4Editor-CableComponent.dll (API version 3944462).
LogModuleManager: Display: Found up-to-date module file ../../../Engine/Plugins/Runtime/CustomMeshComponent/Binaries/Win64/UE4Editor-CustomMeshComponent.dll (API version 3944462).
LogModuleManager: Display: Found up-to-date module file ../../../Engine/Plugins/Runtime/ExampleDeviceProfileSelector/Binaries/Win64/UE4Editor-ExampleDeviceProfileSelector.dll (API version 3944462).
LogModuleManager: Display: Found up-to-date module file ../../../Engine/Plugins/Runtime/ImmediatePhysics/Binaries/Win64/UE4Editor-ImmediatePhysics.dll (API version 3944462).
LogModuleManager: Display: Found up-to-date module file ../../../Engine/Plugins/Runtime/ImmediatePhysics/Binaries/Win64/UE4Editor-ImmediatePhysicsEditor.dll (API version 3944462).
LogModuleManager: Display: Found up-to-date module file ../../../Engine/Plugins/Runtime/LocationServicesBPLibrary/Binaries/Win64/UE4Editor-LocationServicesBPLibrary.dll (API version 3944462).
LogModuleManager: Display: Found up-to-date module file ../../../Engine/Plugins/Runtime/MobilePatchingUtils/Binaries/Win64/UE4Editor-MobilePatchingUtils.dll (API version 3944462).
LogModuleManager: Display: Found up-to-date module file ../../../Engine/Plugins/Runtime/Oculus/OculusVR/Binaries/Win64/UE4Editor-OculusHMD.dll (API version 3944462).
LogModuleManager: Display: Found up-to-date module file ../../../Engine/Plugins/Runtime/Oculus/OculusVR/Binaries/Win64/UE4Editor-OculusInput.dll (API version 3944462).
LogModuleManager: Display: Found up-to-date module file ../../../Engine/Plugins/Runtime/Oculus/OculusVR/Binaries/Win64/UE4Editor-OculusEditor.dll (API version 3944462).
LogModuleManager: Display: Found up-to-date module file ../../../Engine/Plugins/Runtime/PhysXVehicles/Binaries/Win64/UE4Editor-PhysXVehicles.dll (API version 3944462).
LogModuleManager: Display: Found up-to-date module file ../../../Engine/Plugins/Runtime/PhysXVehicles/Binaries/Win64/UE4Editor-PhysXVehiclesEditor.dll (API version 3944462).
LogModuleManager: Display: Found up-to-date module file ../../../Engine/Plugins/Runtime/RuntimePhysXCooking/Binaries/Win64/UE4Editor-RuntimePhysXCooking.dll (API version 3944462).
LogModuleManager: Display: Found up-to-date module file ../../../Engine/Plugins/Runtime/Steam/SteamVR/Binaries/Win64/UE4Editor-SteamVR.dll (API version 3944462).
LogModuleManager: Display: Found up-to-date module file ../../../Engine/Plugins/Runtime/Steam/SteamVR/Binaries/Win64/UE4Editor-SteamVRController.dll (API version 3944462).
LogModuleManager: Display: Found up-to-date module file ../../../Engine/Plugins/Runtime/WindowsMoviePlayer/Binaries/Win64/UE4Editor-WindowsMoviePlayer.dll (API version 3944462).
LogPluginManager: Mounting plugin Paper2D
LogPluginManager: Mounting plugin LiveLink
LogPluginManager: Mounting plugin LightPropagationVolume
LogPluginManager: Mounting plugin CLionSourceCodeAccess
LogPluginManager: Mounting plugin CodeLiteSourceCodeAccess
LogPluginManager: Mounting plugin GitSourceControl
LogPluginManager: Mounting plugin KDevelopSourceCodeAccess
LogPluginManager: Mounting plugin NullSourceCodeAccess
LogPluginManager: Mounting plugin PerforceSourceControl
LogPluginManager: Mounting plugin SubversionSourceControl
LogPluginManager: Mounting plugin UObjectPlugin
LogPluginManager: Mounting plugin VisualStudioCodeSourceCodeAccess
LogPluginManager: Mounting plugin VisualStudioSourceCodeAccess
LogPluginManager: Mounting plugin XCodeSourceCodeAccess
LogPluginManager: Mounting plugin AssetManagerEditor
LogPluginManager: Mounting plugin CryptoKeys
LogPluginManager: Mounting plugin DataValidation
LogPluginManager: Mounting plugin FacialAnimation
LogPluginManager: Mounting plugin GameplayTagsEditor
LogPluginManager: Mounting plugin MobileLauncherProfileWizard
LogPluginManager: Mounting plugin PluginBrowser
LogPluginManager: Mounting plugin SpeedTreeImporter
LogPluginManager: Mounting plugin DatasmithContent
LogPluginManager: Mounting plugin AlembicImporter
LogPluginManager: Mounting plugin CharacterAI
LogPluginManager: Mounting plugin HTML5Networking
LogPluginManager: Mounting plugin AndroidMedia
LogPluginManager: Mounting plugin AvfMedia
LogPluginManager: Mounting plugin ImgMedia
LogPluginManager: Mounting plugin LinearTimecode
LogPluginManager: Mounting plugin MediaCompositing
LogPluginManager: Mounting plugin MediaPlayerEditor
LogPluginManager: Mounting plugin WmfMedia
LogPluginManager: Mounting plugin TcpMessaging
LogPluginManager: Mounting plugin UdpMessaging
LogPluginManager: Mounting plugin ActorSequence
LogPluginManager: Mounting plugin LevelSequenceEditor
LogPluginManager: Mounting plugin MatineeToLevelSequence
LogPluginManager: Mounting plugin NetcodeUnitTest
LogPluginManager: Mounting plugin NUTUnrealEngine4
LogPluginManager: Mounting plugin OnlineSubsystemGooglePlay
LogPluginManager: Mounting plugin OnlineSubsystemIOS
LogPluginManager: Mounting plugin OnlineSubsystem
LogPluginManager: Mounting plugin OnlineSubsystemNull
LogPluginManager: Mounting plugin OnlineSubsystemUtils
LogPluginManager: Mounting plugin AndroidDeviceProfileSelector
LogPluginManager: Mounting plugin AndroidMoviePlayer
LogPluginManager: Mounting plugin AndroidPermission
LogPluginManager: Mounting plugin AppleARKit
LogPluginManager: Mounting plugin AppleMoviePlayer
LogPluginManager: Mounting plugin ArchVisCharacter
LogPluginManager: Mounting plugin AudioCapture
LogPluginManager: Mounting plugin CableComponent
LogPluginManager: Mounting plugin CustomMeshComponent
LogPluginManager: Mounting plugin ExampleDeviceProfileSelector
LogPluginManager: Mounting plugin GoogleCloudMessaging
LogPluginManager: Mounting plugin ImmediatePhysics
LogPluginManager: Mounting plugin IOSDeviceProfileSelector
LogPluginManager: Mounting plugin LinuxDeviceProfileSelector
LogPluginManager: Mounting plugin LocationServicesBPLibrary
LogPluginManager: Mounting plugin MobilePatchingUtils
LogPluginManager: Mounting plugin OculusVR
LogPluginManager: Plugin shader directory ../../../Engine/Plugins/Runtime/Oculus/OculusVR/Shaders found
LogPluginManager: Mapping shader source directory ../../../Engine/Plugins/Runtime/Oculus/OculusVR/Shaders to virtual directory /Plugin/OculusVR
LogPluginManager: Mounting plugin PhysXVehicles
LogPluginManager: Mounting plugin ProceduralMeshComponent
LogPluginManager: Mounting plugin RuntimePhysXCooking
LogPluginManager: Mounting plugin SteamVR
LogPluginManager: Mounting plugin WindowsMoviePlayer
LogStreaming: Display: Took 12.674s to configure plugins.
LogInit: Using libcurl 7.47.1
LogInit:  - built for x86_64-pc-win32
LogInit:  - supports SSL with OpenSSL/1.0.2g
LogInit:  - supports HTTP deflate (compression) using libz 1.2.8
LogInit:  - other features:
LogInit:      CURL_VERSION_SSL
LogInit:      CURL_VERSION_LIBZ
LogInit:      CURL_VERSION_IPV6
LogInit:      CURL_VERSION_ASYNCHDNS
LogInit:      CURL_VERSION_LARGEFILE
LogInit:      CURL_VERSION_IDN
LogInit:  CurlRequestOptions (configurable via config and command line):
LogInit:  - bVerifyPeer = false  - Libcurl will NOT verify peer certificate
LogInit:  - bUseHttpProxy = false  - Libcurl will NOT use HTTP proxy
LogInit:  - bDontReuseConnections = false  - Libcurl will reuse connections
LogInit:  - CertBundlePath = nullptr  - Libcurl will use whatever was configured at build time.
LogInit:  - MaxHostConnections = 16  - Libcurl will limit the number of connections to a host
LogInit:  - LocalHostAddr = Default
LogInit: WinSock: version 1.1 (2.2), MaxSocks=32767, MaxUdp=65467
LogInit: WinSock: I am DESKTOP-OI4DVA3 (192.168.0.102:0)
LogInit: Build: ++UE4+Release-4.19-CL-4033788
LogInit: Engine Version: 4.19.2-4033788+++UE4+Release-4.19
LogInit: Compatible Engine Version: 4.19.0-3944462+++UE4+Release-4.19
LogInit: Net CL: 3944462
LogDevObjectVersion: Number of dev versions registered: 18
LogDevObjectVersion:   Dev-Blueprints (B0D832E4-1F89-4F0D-ACCF-7EB736FD4AA2): 10
LogDevObjectVersion:   Dev-Build (E1C64328-A22C-4D53-A36C-8E866417BD8C): 0
LogDevObjectVersion:   Dev-Core (375EC13C-06E4-48FB-B500-84F0262A717E): 2
LogDevObjectVersion:   Dev-Editor (E4B068ED-F494-42E9-A231-DA0B2E46BB41): 23
LogDevObjectVersion:   Dev-Framework (CFFC743F-43B0-4480-9391-14DF171D2073): 33
LogDevObjectVersion:   Dev-Mobile (B02B49B5-BB20-44E9-A304-32B752E40360): 2
LogDevObjectVersion:   Dev-Networking (A4E4105C-59A1-49B5-A7C5-40C4547EDFEE): 0
LogDevObjectVersion:   Dev-Online (39C831C9-5AE6-47DC-9A44-9C173E1C8E7C): 0
LogDevObjectVersion:   Dev-Physics (78F01B33-EBEA-4F98-B9B4-84EACCB95AA2): 0
LogDevObjectVersion:   Dev-Platform (6631380F-2D4D-43E0-8009-CF276956A95A): 0
LogDevObjectVersion:   Dev-Rendering (12F88B9F-8875-4AFC-A67C-D90C383ABD29): 25
LogDevObjectVersion:   Dev-Sequencer (7B5AE74C-D270-4C10-A958-57980B212A5A): 6
LogDevObjectVersion:   Dev-VR (D7296918-1DD6-4BDD-9DE2-64A83CC13884): 1
LogDevObjectVersion:   Dev-LoadTimes (C2A15278-BFE7-4AFE-6C17-90FF531DF755): 1
LogDevObjectVersion:   Private-Geometry (6EACA3D4-40EC-4CC1-B786-8BED09428FC5): 2
LogDevObjectVersion:   Dev-AnimPhys (29E575DD-E0A3-4627-9D10-D276232CDCEA): 16
LogDevObjectVersion:   Dev-ReflectionCapture (6B266CEC-1EC7-4B8F-A30B-E4D90942FC07): 1
LogDevObjectVersion:   Dev-Automation (0DF73D61-A23F-47EA-B727-89E90C41499A): 1
LogInit: Compiled (64-bit): Apr 27 2018 02:06:57
LogInit: Compiled with Visual C++: 19.00.24215.01
LogInit: Build Configuration: Development
LogInit: Branch Name: ++UE4+Release-4.19
LogInit: Command Line: -EpicPortal 
LogInit: Base Directory: E:/Programs/Unreal Engine/UE_4.19/Engine/Binaries/Win64/
LogInit: Installed Engine Build: 1
LogStreaming: Display: Took  0.000s to delete old logs.
LogInit: Presizing for max 8388607 objects, including 0 objects not considered by GC, pre-allocating 0 bytes for permanent pool.
LogInit: Object subsystem initialized
[2018.07.19-19.12.10:406][  0]LogInit: Selected Device Profile: [Windows]
[2018.07.19-19.12.10:406][  0]LogInit: Applying CVar settings loaded from the selected device profile: [Windows]
[2018.07.19-19.12.11:011][  0]LogInit: Computer: DESKTOP-OI4DVA3
[2018.07.19-19.12.11:012][  0]LogInit: User: gabri
[2018.07.19-19.12.11:012][  0]LogInit: CPU Page size=4096, Cores=2
[2018.07.19-19.12.11:012][  0]LogInit: High frequency timer resolution =2.533203 MHz
[2018.07.19-19.12.11:012][  0]LogMemory: Memory total: Physical=3.9GB (4GB approx)
[2018.07.19-19.12.11:012][  0]LogMemory: Platform Memory Stats for Windows
[2018.07.19-19.12.11:012][  0]LogMemory: Process Physical Memory: 273.16 MB used, 273.16 MB peak
[2018.07.19-19.12.11:012][  0]LogMemory: Process Virtual Memory: 263.97 MB used, 263.97 MB peak
[2018.07.19-19.12.11:012][  0]LogMemory: Physical Memory: 3710.41 MB used,  268.99 MB free, 3979.39 MB total
[2018.07.19-19.12.11:012][  0]LogMemory: Virtual Memory: 4779.79 MB used,  268.99 MB free, 134217728.00 MB total
[2018.07.19-19.12.16:795][  0]LogInit: Using OS detected language (en-US).
[2018.07.19-19.12.16:795][  0]LogInit: Using OS detected locale (en-US).
[2018.07.19-19.12.22:195][  0]LogTextLocalizationManager: No specific localization for 'en-US' exists, so the 'en' localization will be used.
[2018.07.19-19.12.38:840][  0]LogStreaming: Display: Took 22.076s to EndInitTextLocalization.
[2018.07.19-19.12.39:399][  0]LogInit: Setting process to per monitor DPI aware
[2018.07.19-19.12.51:079][  0]LogSlate: New Slate User Created.  User Index 0, Is Virtual User: 0
[2018.07.19-19.12.51:079][  0]LogSlate: Slate User Registered.  User Index 0, Is Virtual User: 0
[2018.07.19-19.12.54:885][  0]LogD3D11RHI: D3D11 adapters:
[2018.07.19-19.12.58:769][  0]LogD3D11RHI:    0. 'NVIDIA GeForce 820M' (Feature Level 11_0)
[2018.07.19-19.12.58:769][  0]LogD3D11RHI:       969/0/1989 MB DedicatedVideo/DedicatedSystem/SharedSystem, Outputs:1, VendorId:0x10de
[2018.07.19-19.12.59:758][  0]LogD3D11RHI:    1. 'Intel(R) HD Graphics Family' (Feature Level 11_0)
[2018.07.19-19.12.59:758][  0]LogD3D11RHI:       112/0/1989 MB DedicatedVideo/DedicatedSystem/SharedSystem, Outputs:0, VendorId:0x8086
[2018.07.19-19.13.00:016][  0]LogD3D11RHI:    2. 'Microsoft Basic Render Driver' (Feature Level 11_0)
[2018.07.19-19.13.00:016][  0]LogD3D11RHI:       0/0/1989 MB DedicatedVideo/DedicatedSystem/SharedSystem, Outputs:0, VendorId:0x1414
[2018.07.19-19.13.00:016][  0]LogD3D11RHI: Chosen D3D11 Adapter: 0
[2018.07.19-19.13.00:132][  0]LogD3D11RHI: Creating new Direct3DDevice
[2018.07.19-19.13.00:133][  0]LogD3D11RHI:     GPU DeviceId: 0x1140 (for the marketing name, search the web for "GPU Device Id")
[2018.07.19-19.13.00:133][  0]LogWindows: EnumDisplayDevices:
[2018.07.19-19.13.00:133][  0]LogWindows:    0. 'Intel(R) HD Graphics Family' (P:1 D:1)
[2018.07.19-19.13.00:133][  0]LogWindows:    1. 'Intel(R) HD Graphics Family' (P:0 D:0)
[2018.07.19-19.13.00:133][  0]LogWindows:    2. 'Intel(R) HD Graphics Family' (P:0 D:0)
[2018.07.19-19.13.00:134][  0]LogWindows: DebugString: GetVideoDriverDetailsInvalid PrimaryIsNotTheChoosenAdapter GetVideoDriverDetailsInvalid PrimaryIsNotTheChoosenAdapter GetVideoDriverDetailsInvalid PrimaryIsNotTheChoosenAdapter FoundDriverCount:0 
[2018.07.19-19.13.00:134][  0]LogD3D11RHI:     Adapter Name: NVIDIA GeForce 820M
[2018.07.19-19.13.00:134][  0]LogD3D11RHI:   Driver Version: Unknown (internal:Unknown, unified:Unknown)
[2018.07.19-19.13.00:134][  0]LogD3D11RHI:      Driver Date: Unknown
[2018.07.19-19.13.00:176][  0]LogRHI: Texture pool is 678 MB (70% of 969 MB)
[2018.07.19-19.13.00:697][  0]LogD3D11RHI: Display: Timestamp queries are currently disabled on this hardware due to instability. Realtime GPU stats will not be available. You can override this behaviour by setting r.NVIDIATimestampWorkaround to 0
[2018.07.19-19.13.00:859][  0]LogD3D11RHI: [Aftermath] Aftermath enabled and primed
[2018.07.19-19.13.00:859][  0]LogD3D11RHI: [Aftermath] Aftermath enabled and primed
[2018.07.19-19.13.00:859][  0]LogD3D11RHI: Async texture creation enabled
[2018.07.19-19.13.01:625][  0]LogD3D11RHI: GPU Timing Frequency: 1000.000000 (Debug: 2 2)
[2018.07.19-19.13.01:794][  0]LogShaderCompilers: Guid format shader working directory is -8 characters bigger than the processId version (../../../../../../Projects/Unreal Engine/Project_Alpha/Intermediate/Shaders/WorkingDirectory/8996/).
[2018.07.19-19.13.01:801][  0]LogShaderCompilers: Cleaned the shader compiler working directory 'C:/Users/gabri/AppData/Local/Temp/UnrealShaderWorkingDir/D21444F54B88432E2EAFB39544DDCAA7/'.
[2018.07.19-19.13.35:327][  0]LogTemp: Display: Loaded TP AllDesktopTargetPlatform
[2018.07.19-19.13.35:394][  0]LogTemp: Display: Loaded TP MacClientTargetPlatform
[2018.07.19-19.13.35:432][  0]LogTemp: Display: Loaded TP MacNoEditorTargetPlatform
[2018.07.19-19.13.35:518][  0]LogTemp: Display: Loaded TP MacServerTargetPlatform
[2018.07.19-19.13.35:575][  0]LogTemp: Display: Loaded TP MacTargetPlatform
[2018.07.19-19.13.35:640][  0]LogTemp: Display: Loaded TP WindowsClientTargetPlatform
[2018.07.19-19.13.35:690][  0]LogTemp: Display: Loaded TP WindowsNoEditorTargetPlatform
[2018.07.19-19.13.35:729][  0]LogTemp: Display: Loaded TP WindowsServerTargetPlatform
[2018.07.19-19.13.35:787][  0]LogTemp: Display: Loaded TP WindowsTargetPlatform
[2018.07.19-19.13.35:892][  0]LogTemp: Display: Loaded TP Android_ASTCTargetPlatform
[2018.07.19-19.13.35:967][  0]LogTemp: Display: Loaded TP Android_ATCTargetPlatform
[2018.07.19-19.13.36:039][  0]LogTemp: Display: Loaded TP Android_DXTTargetPlatform
[2018.07.19-19.13.36:104][  0]LogTemp: Display: Loaded TP Android_ETC1aTargetPlatform
[2018.07.19-19.13.36:196][  0]LogTemp: Display: Loaded TP Android_ETC1TargetPlatform
[2018.07.19-19.13.36:293][  0]LogTemp: Display: Loaded TP Android_ETC2TargetPlatform
[2018.07.19-19.13.36:431][  0]LogTemp: Display: Loaded TP Android_MultiTargetPlatform
[2018.07.19-19.13.36:431][  0]LogTemp: Display: Loaded TP Android_PVRTCTargetPlatform
[2018.07.19-19.13.36:565][  0]LogTemp: Display: Loaded TP AndroidTargetPlatform
[2018.07.19-19.13.36:618][  0]LogTemp: Display: Loaded TP HTML5TargetPlatform
[2018.07.19-19.13.36:964][  0]LogTemp: Display: Loaded TP IOSTargetPlatform
[2018.07.19-19.13.36:991][  0]LogTemp: Display: Loaded TP TVOSTargetPlatform
[2018.07.19-19.13.37:079][  0]LogTemp: Display: Loaded TP LinuxClientTargetPlatform
[2018.07.19-19.13.37:142][  0]LogTemp: Display: Loaded TP LinuxNoEditorTargetPlatform
[2018.07.19-19.13.37:252][  0]LogTemp: Display: Loaded TP LinuxServerTargetPlatform
[2018.07.19-19.13.37:422][  0]LogTemp: Display: Loaded TP LinuxTargetPlatform
[2018.07.19-19.13.37:422][  0]LogTargetPlatformManager: Display: Building Assets For Windows
[2018.07.19-19.13.39:964][  0]LogXGEController: Cannot use XGE Controller as Incredibuild is not installed on this machine.
[2018.07.19-19.13.39:964][  0]LogShaderCompilers: Cannot use XGE Shader Compiler as Incredibuild is not installed on this machine.
[2018.07.19-19.13.39:964][  0]LogShaderCompilers: Display: Using Local Shader Compiler.
[2018.07.19-19.13.56:391][  0]LogDerivedDataCache: Display: Max Cache Size: 512 MB
[2018.07.19-19.14.06:324][  0]LogDerivedDataCache: Loaded boot cache 9.93s 74MB C:/Users/gabri/AppData/Local/UnrealEngine/4.19/DerivedDataCache/Boot.ddc.
[2018.07.19-19.14.06:324][  0]LogDerivedDataCache: Display: Loaded Boot cache: C:/Users/gabri/AppData/Local/UnrealEngine/4.19/DerivedDataCache/Boot.ddc
[2018.07.19-19.14.06:348][  0]LogDerivedDataCache: FDerivedDataBackendGraph:  Pak pak cache file ../../../../../../Projects/Unreal Engine/Project_Alpha/DerivedDataCache/DDC.ddp not found, will not use a pak cache.
[2018.07.19-19.14.06:348][  0]LogDerivedDataCache: Unable to find inner node Pak for hierarchical cache Hierarchy.
[2018.07.19-19.14.06:348][  0]LogDerivedDataCache: FDerivedDataBackendGraph:  CompressedPak pak cache file ../../../../../../Projects/Unreal Engine/Project_Alpha/DerivedDataCache/Compressed.ddp not found, will not use a pak cache.
[2018.07.19-19.14.06:348][  0]LogDerivedDataCache: Unable to find inner node CompressedPak for hierarchical cache Hierarchy.
[2018.07.19-19.14.06:601][  0]LogDerivedDataCache: Display: Pak cache opened for reading ../../../Engine/DerivedDataCache/Compressed.ddp.
[2018.07.19-19.14.06:671][  0]LogDerivedDataCache: Using Local data cache path C:/Users/gabri/AppData/Local/UnrealEngine/Common/DerivedDataCache: Writable
[2018.07.19-19.14.06:671][  0]LogDerivedDataCache: Shared data cache path not found in *engine.ini, will not use an Shared cache.
[2018.07.19-19.14.06:671][  0]LogDerivedDataCache: Unable to find inner node Shared for hierarchical cache Hierarchy.
[2018.07.19-19.14.06:733][  0]LogMaterial: Verifying Global Shaders for PCD3D_SM5
[2018.07.19-19.14.06:770][  0]LogSlate: Using Freetype 2.6.0
[2018.07.19-19.14.07:064][  0]LogSlate: SlateFontCache - WITH_FREETYPE: 1, WITH_HARFBUZZ: 1
[2018.07.19-19.14.07:064][  0]LogSlate: SlateFontCache - WITH_FREETYPE: 1, WITH_HARFBUZZ: 1
[2018.07.19-19.15.06:014][  0]LogAssetRegistry: FAssetRegistry took 0.0820 seconds to start up
[2018.07.19-19.15.21:866][  0]LogInit: Selected Device Profile: [Windows]
[2018.07.19-19.15.38:964][  0]LogSimplygon: Simplygon DLL not present - disabling.
[2018.07.19-19.15.39:156][  0]LogMeshReduction: Using SimplygonSwarm for distributed automatic mesh merging
[2018.07.19-19.15.39:191][  0]LogMeshReduction: Using QuadricMeshReduction for automatic static mesh reduction
[2018.07.19-19.15.39:191][  0]LogMeshReduction: No automatic skeletal mesh reduction module available
[2018.07.19-19.15.39:191][  0]LogMeshReduction: No automatic mesh merging module available
[2018.07.19-19.15.39:191][  0]LogMeshMerging: No automatic mesh merging module available
[2018.07.19-19.15.45:535][  0]LogNetVersion: Project_Alpha , NetCL: 3944462, EngineNetVer: 2, GameNetVer: 0 (Checksum: 1272400034)
[2018.07.19-19.16.03:975][  0]LogPackageLocalizationCache: Processed 9 localized package path(s) for 2 prioritized culture(s) in 0.769988 seconds
[2018.07.19-19.16.04:137][  0]LogUObjectArray: 36728 objects as part of root set at end of initial load.
[2018.07.19-19.16.04:137][  0]LogUObjectAllocator: 7314312 out of 0 bytes used by permanent object pool.
[2018.07.19-19.16.04:137][  0]LogUObjectArray: CloseDisregardForGC: 0/0 objects in disregard for GC pool
[2018.07.19-19.18.37:522][  0]LogTcpMessaging: Initializing TcpMessaging bridge
[2018.07.19-19.18.37:800][  0]LogUdpMessaging: Initializing bridge on interface 0.0.0.0:0 to multicast group 230.0.0.1:6666.
[2018.07.19-19.18.43:264][  0]SourceControl: Source control is disabled
[2018.07.19-19.18.43:265][  0]SourceControl: Source control is disabled
[2018.07.19-19.18.43:782][  0]SourceControl: Source control is disabled
[2018.07.19-19.18.43:836][  0]SourceControl: Source control is disabled
[2018.07.19-19.18.49:035][  0]LogAndroidPermission: UAndroidPermissionCallbackProxy::GetInstance
[2018.07.19-19.18.50:752][  0]LogOcInput: OculusInput pre-init called
[2018.07.19-19.18.54:215][  0]LogEngine: Initializing Engine...
[2018.07.19-19.18.54:567][  0]LogHMD: Failed to initialize OpenVR with code 110
[2018.07.19-19.18.54:800][  0]LogStats: UGameplayTagsManager::ConstructGameplayTagTree: Construct from data asset -  0.000 s
[2018.07.19-19.18.55:061][  0]LogStats: UGameplayTagsManager::ConstructGameplayTagTree: GameplayTagTreeChangedEvent.Broadcast -  0.071 s
[2018.07.19-19.19.02:282][  0]LogAIModule: Creating AISystem for world Untitled
[2018.07.19-19.19.05:240][  0]LogInit: XAudio2 using 'Headset Earphone (HyperX 7.1 Audio)' : 2 channels at 48 kHz using 16 bits per sample (channel mask 0x3)
[2018.07.19-19.19.06:555][  0]LogInit: FAudioDevice initialized.
[2018.07.19-19.19.08:962][  0]LogDerivedDataCache: Saved boot cache 2.36s 74MB C:/Users/gabri/AppData/Local/UnrealEngine/4.19/DerivedDataCache/Boot.ddc.
[2018.07.19-19.19.09:203][  0]LogInit: Texture streaming: Enabled
[2018.07.19-19.19.15:304][  0]LogEngineSessionManager: EngineSessionManager initialized
[2018.07.19-19.19.16:402][  0]LogInit: Transaction tracking system initialized
[2018.07.19-19.19.17:430][  0]BlueprintLog: New page: Editor Load
[2018.07.19-19.19.24:294][  0]LocalizationService: Localization service is disabled
[2018.07.19-19.19.29:085][  0]LogConsoleResponse: Display: 
[2018.07.19-19.19.34:115][  0]LogFileCache: Scanning file cache for directory 'E:/Projects/Unreal Engine/Project_Alpha/Content/' took 0.19s
[2018.07.19-19.19.34:115][  0]LogCook: Display: Max memory allowance for cook 16384mb min free memory 0mb
[2018.07.19-19.19.34:116][  0]LogCook: Display: Mobile HDR setting 1
[2018.07.19-19.19.34:136][  0]LogGameplayTags: Display: UGameplayTagsManager::DoneAddingNativeTags. DelegateIsBound: 0
[2018.07.19-19.19.34:147][  0]LogStats: UGameplayTagsManager::ConstructGameplayTagTree: Construct from data asset -  0.000 s
[2018.07.19-19.19.34:147][  0]LogStats: UGameplayTagsManager::ConstructGameplayTagTree: GameplayTagTreeChangedEvent.Broadcast -  0.000 s
[2018.07.19-19.19.51:785][  0]SourceControl: Source control is disabled
[2018.07.19-19.19.54:462][  0]Cmd: MAP LOAD FILE="../../../../../../Projects/Unreal Engine/Project_Alpha/Content/ThirdPersonBP/Maps/ThirdPersonExampleMap.umap" TEMPLATE=0 SHOWPROGRESS=1 FEATURELEVEL=3
[2018.07.19-19.19.56:442][  0]LightingResults: New page: Lighting Build
[2018.07.19-19.20.06:163][  0]MapCheck: New page: Map Check
[2018.07.19-19.20.06:163][  0]LightingResults: New page: Lighting Build
[2018.07.19-19.20.19:797][  0]LogUObjectGlobals: Created PersistentFrame Addr=0x000002a73a6489c0, Size=64, Default__ThirdPerson_AnimBP_C Function /Game/Mannequin/Animations/ThirdPerson_AnimBP.ThirdPerson_AnimBP_C:ExecuteUbergraph_ThirdPerson_AnimBP
[2018.07.19-19.20.20:775][  0]LogUObjectGlobals: Destroyed PersistentFrame Addr=0x000002a73a6489c0, Size=64
[2018.07.19-19.20.20:775][  0]LogUObjectGlobals: Created PersistentFrame Addr=0x000002a73a648900, Size=64, Default__ThirdPerson_AnimBP_C Function /Engine/Transient.REINST_ThirdPerson_AnimBP_C_0:ExecuteUbergraph_ThirdPerson_AnimBP
[2018.07.19-19.20.21:860][  0]LogUObjectGlobals: Created PersistentFrame Addr=0x000002a73d17fc40, Size=72, Default__ThirdPerson_AnimBP_C Function /Game/Mannequin/Animations/ThirdPerson_AnimBP.ThirdPerson_AnimBP_C:ExecuteUbergraph_ThirdPerson_AnimBP
[2018.07.19-19.20.23:764][  0]LogUObjectGlobals: Created PersistentFrame Addr=0x000002a73cfdb4c0, Size=296, Default__ThirdPersonCharacter_C Function /Game/ThirdPersonBP/Blueprints/ThirdPersonCharacter.ThirdPersonCharacter_C:ExecuteUbergraph_ThirdPersonCharacter
[2018.07.19-19.20.24:112][  0]LogUObjectGlobals: Destroyed PersistentFrame Addr=0x000002a73cfdb4c0, Size=296
[2018.07.19-19.20.24:112][  0]LogUObjectGlobals: Created PersistentFrame Addr=0x000002a73aada0c0, Size=296, Default__ThirdPersonCharacter_C Function /Engine/Transient.REINST_ThirdPersonCharacter_C_4:ExecuteUbergraph_ThirdPersonCharacter
[2018.07.19-19.20.24:202][  0]LogUObjectGlobals: Created PersistentFrame Addr=0x000002a73aadad40, Size=296, Default__ThirdPersonCharacter_C Function /Game/ThirdPersonBP/Blueprints/ThirdPersonCharacter.ThirdPersonCharacter_C:ExecuteUbergraph_ThirdPersonCharacter
[2018.07.19-19.20.29:615][  0]LogSkeletalMesh: Skeletal Mesh found in DDC [303.797607ms] /Game/Mannequin/Character/Mesh/SK_Mannequin.SK_Mannequin
[2018.07.19-19.20.36:228][  0]LogAIModule: Creating AISystem for world ThirdPersonExampleMap
[2018.07.19-19.20.42:493][  0]LogEditorServer: Finished looking for orphan Actors (0.000 secs)
[2018.07.19-19.20.43:340][  0]LogUObjectGlobals: Destroyed PersistentFrame Addr=0x000002a73a648900, Size=64
[2018.07.19-19.20.43:377][  0]LogUObjectGlobals: Destroyed PersistentFrame Addr=0x000002a73aada0c0, Size=296
[2018.07.19-19.20.43:834][  0]Cmd: MAP CHECKDEP NOCLEARLOG
[2018.07.19-19.20.44:114][  0]MapCheck: Map check complete: 0 Error(s), 0 Warning(s), took 243.103ms to complete.
[2018.07.19-19.20.44:232][  0]LogFileHelpers: Loading map 'ThirdPersonExampleMap' took 51.119
[2018.07.19-19.20.54:402][  0]LogCollectionManager: Loaded 0 collections in 0.001406 seconds
[2018.07.19-19.20.55:702][  0]LogFileCache: Scanning file cache for directory 'E:/Projects/Unreal Engine/Project_Alpha/Saved/Collections/' took 0.05s
[2018.07.19-19.20.55:703][  0]LogFileCache: Scanning file cache for directory 'E:/Projects/Unreal Engine/Project_Alpha/Content/Developers/gabri/Collections/' took 0.01s
[2018.07.19-19.20.55:703][  0]LogFileCache: Scanning file cache for directory 'E:/Projects/Unreal Engine/Project_Alpha/Content/Collections/' took 0.01s
[2018.07.19-19.20.55:703][  0]LogCollectionManager: Rebuilt the GUID cache for 0 collections in 0.000001 seconds
[2018.07.19-19.20.55:813][  0]LogContentBrowser: Native class hierarchy populated in 0.0842 seconds. Added 2452 classes and 558 folders.
[2018.07.19-19.20.56:346][  0]LogContentBrowser: Native class hierarchy updated for 'WidgetCarousel' in 0.0002 seconds. Added 0 classes and 0 folders.
[2018.07.19-19.21.00:443][  0]LogContentBrowser: Native class hierarchy updated for 'AddContentDialog' in 0.0002 seconds. Added 0 classes and 0 folders.
[2018.07.19-19.21.00:806][  0]LogContentBrowser: Native class hierarchy updated for 'SceneOutliner' in 0.0006 seconds. Added 1 classes and 2 folders.
[2018.07.19-19.21.11:290][  0]LogSlate: Took 0.167470 seconds to synchronously load lazily loaded font '../../../Engine/Content/Slate/Fonts/Roboto-Regular.ttf' (155K)
[2018.07.19-19.21.11:535][  0]LogSlate: Took 0.086793 seconds to synchronously load lazily loaded font '../../../Engine/Content/Slate/Fonts/Roboto-Bold.ttf' (160K)
[2018.07.19-19.21.12:065][  0]LogSlate: Took 0.131031 seconds to synchronously load lazily loaded font '../../../Engine/Content/Editor/Slate/Fonts/FontAwesome.ttf' (139K)
[2018.07.19-19.21.21:002][  0]LogRenderer: Reallocating scene render targets to support 856x372 Format 10 NumSamples 1 (Frame:1).
[2018.07.19-19.21.31:593][  0]LogContentBrowser: Native class hierarchy updated for 'HierarchicalLODOutliner' in 0.0003 seconds. Added 0 classes and 0 folders.
[2018.07.19-19.21.31:593][  0]LogLoad: (Engine Initialization) Total time: 623.54 seconds
[2018.07.19-19.21.31:593][  0]LogLoad: (Engine Initialization) Total Blueprint compile time: 0.00 seconds
[2018.07.19-19.21.33:579][  0]LogContentStreaming: Texture pool size now 1000 MB
[2018.07.19-19.21.37:364][  1]LogD3D11RHI: Timed out while waiting for GPU to catch up. (0.5 s)
[2018.07.19-19.21.37:364][  1]LogSlate: Took 0.034743 seconds to synchronously load lazily loaded font '../../../Engine/Content/Slate/Fonts/Roboto-Light.ttf' (167K)
[2018.07.19-19.21.38:141][  3]LogAssetRegistry: Asset discovery search completed in 392.1951 seconds
[2018.07.19-19.21.38:334][  3]LogCollectionManager: Rebuilt the object cache for 0 collections in 0.000000 seconds (found 0 objects)
[2018.07.19-19.21.38:334][  3]LogCollectionManager: Fixed up redirectors for 0 collections in 0.027250 seconds (updated 0 objects)
[2018.07.19-19.22.05:013][115]LogEditorViewport: Clicking on Actor (context menu): StaticMeshActor (Linear_Stair_StaticMesh)
[2018.07.19-19.22.10:127][115]LogSlate: FSceneViewport::OnFocusLost() reason 2
[2018.07.19-19.22.12:631][117]LogEditorViewport: Clicking on Actor (context menu): StaticMeshActor (RightArm_StaticMesh)
[2018.07.19-19.22.13:438][117]LogSlate: FSceneViewport::OnFocusLost() reason 2
[2018.07.19-19.29.06:412][577]LogSlate: FSceneViewport::OnFocusLost() reason 0
[2018.07.19-19.29.06:481][577]LogTemp: Repeating last play command: Selected Viewport
[2018.07.19-19.29.06:697][577]LogBlueprintUserMessages: Early PlayInEditor Detection: Level '/Game/ThirdPersonBP/Maps/ThirdPersonExampleMap.ThirdPersonExampleMap:PersistentLevel' has LevelScriptBlueprint '/Game/ThirdPersonBP/Maps/ThirdPersonExampleMap.ThirdPersonExampleMap:PersistentLevel.ThirdPersonExampleMap' with GeneratedClass '/Game/ThirdPersonBP/Maps/ThirdPersonExampleMap.ThirdPersonExampleMap_C' with ClassGeneratedBy '/Game/ThirdPersonBP/Maps/ThirdPersonExampleMap.ThirdPersonExampleMap:PersistentLevel.ThirdPersonExampleMap'
[2018.07.19-19.29.07:045][577]LogPlayLevel: PlayLevel: No blueprints needed recompiling
[2018.07.19-19.29.07:999][577]PIE: New page: PIE session: ThirdPersonExampleMap (Jul 20, 2018, 1:29:07 AM)
[2018.07.19-19.29.08:120][577]LogPlayLevel: Creating play world package: /Game/ThirdPersonBP/Maps/UEDPIE_0_ThirdPersonExampleMap
[2018.07.19-19.29.10:953][577]LogPlayLevel: PIE: StaticDuplicateObject took: (2.832399s)
[2018.07.19-19.29.10:954][577]LogAIModule: Creating AISystem for world ThirdPersonExampleMap
[2018.07.19-19.29.11:012][577]LogPlayLevel: PIE: World Init took: (0.058877s)
[2018.07.19-19.29.11:012][577]LogPlayLevel: PIE: Created PIE world by copying editor world from /Game/ThirdPersonBP/Maps/ThirdPersonExampleMap.ThirdPersonExampleMap to /Game/ThirdPersonBP/Maps/UEDPIE_0_ThirdPersonExampleMap.ThirdPersonExampleMap (2.891644s)
[2018.07.19-19.29.11:433][577]LogInit: XAudio2 using 'Headset Earphone (HyperX 7.1 Audio)' : 2 channels at 48 kHz using 16 bits per sample (channel mask 0x3)
[2018.07.19-19.29.11:493][577]LogInit: FAudioDevice initialized.
[2018.07.19-19.29.12:120][577]LogLoad: Game class is 'ThirdPersonGameMode_C'
[2018.07.19-19.29.13:095][577]LogWorld: Bringing World /Game/ThirdPersonBP/Maps/UEDPIE_0_ThirdPersonExampleMap.ThirdPersonExampleMap up for play (max tick rate 60) at 2018.07.19-22.29.13
[2018.07.19-19.29.13:414][577]LogWorld: Bringing up level for play took: 0.361056
[2018.07.19-19.29.14:405][577]LogContentBrowser: Native class hierarchy updated for 'MovieSceneCapture' in 0.0004 seconds. Added 11 classes and 0 folders.
[2018.07.19-19.29.14:539][577]PIE: Play in editor start time for /Game/ThirdPersonBP/Maps/UEDPIE_0_ThirdPersonExampleMap 7.129
[2018.07.19-19.29.14:540][577]LogBlueprintUserMessages: Late PlayInEditor Detection: Level '/Game/ThirdPersonBP/Maps/ThirdPersonExampleMap.ThirdPersonExampleMap:PersistentLevel' has LevelScriptBlueprint '/Game/ThirdPersonBP/Maps/ThirdPersonExampleMap.ThirdPersonExampleMap:PersistentLevel.ThirdPersonExampleMap' with GeneratedClass '/Game/ThirdPersonBP/Maps/ThirdPersonExampleMap.ThirdPersonExampleMap_C' with ClassGeneratedBy '/Game/ThirdPersonBP/Maps/ThirdPersonExampleMap.ThirdPersonExampleMap:PersistentLevel.ThirdPersonExampleMap'
[2018.07.19-19.29.23:063][857]LogBlueprintUserMessages: Early EndPlayMap Detection: Level '/Game/ThirdPersonBP/Maps/ThirdPersonExampleMap.ThirdPersonExampleMap:PersistentLevel' has LevelScriptBlueprint '/Game/ThirdPersonBP/Maps/ThirdPersonExampleMap.ThirdPersonExampleMap:PersistentLevel.ThirdPersonExampleMap' with GeneratedClass '/Game/ThirdPersonBP/Maps/ThirdPersonExampleMap.ThirdPersonExampleMap_C' with ClassGeneratedBy '/Game/ThirdPersonBP/Maps/ThirdPersonExampleMap.ThirdPersonExampleMap:PersistentLevel.ThirdPersonExampleMap'
[2018.07.19-19.29.23:572][857]LogBlueprintUserMessages: Late EndPlayMap Detection: Level '/Game/ThirdPersonBP/Maps/ThirdPersonExampleMap.ThirdPersonExampleMap:PersistentLevel' has LevelScriptBlueprint '/Game/ThirdPersonBP/Maps/ThirdPersonExampleMap.ThirdPersonExampleMap:PersistentLevel.ThirdPersonExampleMap' with GeneratedClass '/Game/ThirdPersonBP/Maps/ThirdPersonExampleMap.ThirdPersonExampleMap_C' with ClassGeneratedBy '/Game/ThirdPersonBP/Maps/ThirdPersonExampleMap.ThirdPersonExampleMap:PersistentLevel.ThirdPersonExampleMap'
[2018.07.19-19.31.54:639][434]LogSlate: Took 0.143104 seconds to synchronously load lazily loaded font '../../../Engine/Content/Slate/Fonts/Roboto-Light.ttf' (167K)
[2018.07.19-19.31.56:691][434]LogSavePackage: Save=958.64ms
[2018.07.19-19.31.56:691][434]LogSavePackage: Moving '../../../../../../Projects/Unreal Engine/Project_Alpha/Saved/ThirdPersonExampleMap_Auto1C333B61349749C28E209679C761687FE.tmp' to '../../../../../../Projects/Unreal Engine/Project_Alpha/Saved/Autosaves/Game/ThirdPersonBP/Maps/ThirdPersonExampleMap_Auto1.umap'
[2018.07.19-19.31.56:751][434]LogSavePackage: Display: Finished SavePackage ../../../../../../Projects/Unreal Engine/Project_Alpha/Saved/Autosaves/Game/ThirdPersonBP/Maps/ThirdPersonExampleMap_Auto1.umap
[2018.07.19-19.31.56:844][434]LogFileHelpers: Editor autosave (incl. sublevels) for '/Game/ThirdPersonBP/Maps/ThirdPersonExampleMap' took 1.537
[2018.07.19-19.31.56:878][434]LogFileHelpers: Editor autosave (incl. sublevels) for all levels took 1.537
[2018.07.19-19.32.40:826][586]LogSlate: FSceneViewport::OnFocusLost() reason 2
[2018.07.19-19.34.45:971][ 71]LogSlate: FSceneViewport::OnFocusLost() reason 2
[2018.07.19-19.34.46:983][ 96]LogSlate: FSceneViewport::OnFocusLost() reason 2
[2018.07.19-19.34.51:405][280]LogSlate: Window 'Source Control Login' being destroyed
[2018.07.19-19.34.53:397][374]LogSlate: FSceneViewport::OnFocusLost() reason 0
[2018.07.19-19.34.56:800][516]LogSavePackage: Save=99.55ms
[2018.07.19-19.34.56:800][516]LogSavePackage: Moving '../../../../../../Projects/Unreal Engine/Project_Alpha/Saved/ThirdPersonExampleMapBDA8AEBC467C841A20AD51846452C158.tmp' to '../../../../../../Projects/Unreal Engine/Project_Alpha/Content/ThirdPersonBP/Maps/ThirdPersonExampleMap.umap'
[2018.07.19-19.34.56:805][516]LogSavePackage: Display: Finished SavePackage ../../../../../../Projects/Unreal Engine/Project_Alpha/Content/ThirdPersonBP/Maps/ThirdPersonExampleMap.umap
[2018.07.19-19.34.56:874][516]LogFileHelpers: Saving map 'ThirdPersonExampleMap' took 0.382
[2018.07.19-19.35.23:410][191]SourceControl: fatal: E:/Programs/Unreal Engine/UE_4.19/Engine/Content: 'E:/Programs/Unreal Engine/UE_4.19/Engine/Content' is outside repository
[2018.07.19-19.35.25:216][191]LogPackageName: Error: Illegal call to DoesPackageExist: '../../../../../../Projects/Unreal Engine/Project_Alpha/Project_Alpha.uproject' is not a standard unreal filename or a long path name. Reason: Path should be no less than 4 characters long.
[2018.07.19-19.35.28:242][191]LogStats: FPlatformStackWalk::StackWalkAndDump -  2.996 s
[2018.07.19-19.35.28:242][191]LogOutputDevice: Error: === Handled ensure: ===
[2018.07.19-19.35.28:242][191]LogOutputDevice: Error: 
[2018.07.19-19.35.28:242][191]LogOutputDevice: Error: Ensure condition failed: false [File:D:\Build\++UE4+Release-4.19+Compile\Sync\Engine\Source\Runtime\CoreUObject\Private\Misc\PackageName.cpp] [Line: 818]
[2018.07.19-19.35.28:242][191]LogOutputDevice: Error: Illegal call to DoesPackageExist: '../../../../../../Projects/Unreal Engine/Project_Alpha/Project_Alpha.uproject' is not a standard unreal filename or a long path name. Reason: Path should be no less than 4 characters long.
[2018.07.19-19.35.28:242][191]LogOutputDevice: Error: Stack: 
[2018.07.19-19.35.28:242][191]LogOutputDevice: Error: [Callstack] 0x00000000A352B706 UE4Editor-Core.dll!UnknownFunction []
[2018.07.19-19.35.28:242][191]LogOutputDevice: Error: [Callstack] 0x00000000A328AE3A UE4Editor-Core.dll!UnknownFunction []
[2018.07.19-19.35.28:242][191]LogOutputDevice: Error: [Callstack] 0x00000000A329ECD6 UE4Editor-Core.dll!UnknownFunction []
[2018.07.19-19.35.28:242][191]LogOutputDevice: Error: [Callstack] 0x000000009FEFDD3B UE4Editor-CoreUObject.dll!UnknownFunction []
[2018.07.19-19.35.28:242][191]LogOutputDevice: Error: [Callstack] 0x00000000B8116A12 UE4Editor-SourceControl.dll!UnknownFunction []
[2018.07.19-19.35.28:242][191]LogOutputDevice: Error: [Callstack] 0x00000000B8116BA7 UE4Editor-SourceControl.dll!UnknownFunction []
[2018.07.19-19.35.28:242][191]LogOutputDevice: Error: [Callstack] 0x00000000979650CE UE4Editor-SourceControlWindows.dll!UnknownFunction []
[2018.07.19-19.35.28:242][191]LogOutputDevice: Error: [Callstack] 0x0000000097924805 UE4Editor-SourceControlWindows.dll!UnknownFunction []
[2018.07.19-19.35.28:242][191]LogOutputDevice: Error: [Callstack] 0x0000000097923DDD UE4Editor-SourceControlWindows.dll!UnknownFunction []
[2018.07.19-19.35.28:242][191]LogOutputDevice: Error: [Callstack] 0x00000000979390B4 UE4Editor-SourceControlWindows.dll!UnknownFunction []
[2018.07.19-19.35.28:242][191]LogOutputDevice: Error: [Callstack] 0x000000008E724669 UE4Editor-GitSourceControl.dll!UnknownFunction []
[2018.07.19-19.35.28:242][191]LogOutputDevice: Error: [Callstack] 0x00000000B811B9BC UE4Editor-SourceControl.dll!UnknownFunction []
[2018.07.19-19.35.28:242][191]LogOutputDevice: Error: [Callstack] 0x000000009E63DF0A UE4Editor-UnrealEd.dll!UnknownFunction []
[2018.07.19-19.35.28:262][191]LogOutputDevice: Error: [Callstack] 0x000000009EED9626 UE4Editor-UnrealEd.dll!UnknownFunction []
[2018.07.19-19.35.28:262][191]LogOutputDevice: Error: [Callstack] 0x0000000076B95EAC UE4Editor.exe!UnknownFunction []
[2018.07.19-19.35.28:262][191]LogOutputDevice: Error: [Callstack] 0x0000000076BA6BD0 UE4Editor.exe!UnknownFunction []
[2018.07.19-19.35.28:262][191]LogOutputDevice: Error: [Callstack] 0x0000000076BA6C4A UE4Editor.exe!UnknownFunction []
[2018.07.19-19.35.28:262][191]LogOutputDevice: Error: [Callstack] 0x0000000076BB4177 UE4Editor.exe!UnknownFunction []
[2018.07.19-19.35.28:262][191]LogOutputDevice: Error: [Callstack] 0x0000000076BB5B87 UE4Editor.exe!UnknownFunction []
[2018.07.19-19.35.28:262][191]LogOutputDevice: Error: [Callstack] 0x00000000F1B13034 KERNEL32.DLL!UnknownFunction []
[2018.07.19-19.35.28:262][191]LogOutputDevice: Error: [Callstack] 0x00000000F2E11431 ntdll.dll!UnknownFunction []
[2018.07.19-19.35.28:262][191]LogOutputDevice: Error: 
[2018.07.19-19.35.28:272][191]LogStats:                SubmitErrorReport -  0.000 s
[2018.07.19-19.35.41:852][191]LogStats:                    SendNewReport - 13.581 s
[2018.07.19-19.35.41:852][191]LogStats:             FDebug::EnsureFailed - 16.635 s
[2018.07.19-19.35.45:975][191]LogSlate: Window 'Submit Files' being destroyed
[2018.07.19-19.35.56:512][298]LogSavePackage: Save=98.94ms
[2018.07.19-19.35.56:512][298]LogSavePackage: Moving '../../../../../../Projects/Unreal Engine/Project_Alpha/Saved/ThirdPersonExampleMap457A11CE4C1FAC17AB025E96D37C7F17.tmp' to '../../../../../../Projects/Unreal Engine/Project_Alpha/Content/ThirdPersonBP/Maps/ThirdPersonExampleMap.umap'
[2018.07.19-19.35.56:516][298]LogSavePackage: Display: Finished SavePackage ../../../../../../Projects/Unreal Engine/Project_Alpha/Content/ThirdPersonBP/Maps/ThirdPersonExampleMap.umap
[2018.07.19-19.35.57:194][298]LogSavePackage: Save=523.31ms
[2018.07.19-19.35.57:194][298]LogSavePackage: Moving '../../../../../../Projects/Unreal Engine/Project_Alpha/Saved/ThirdPersonExampleMap_BuiltData2BCF88A842CBC83B819A109355A93266.tmp' to '../../../../../../Projects/Unreal Engine/Project_Alpha/Content/ThirdPersonBP/Maps/ThirdPersonExampleMap_BuiltData.uasset'
[2018.07.19-19.35.57:198][298]LogSavePackage: Display: Finished SavePackage ../../../../../../Projects/Unreal Engine/Project_Alpha/Content/ThirdPersonBP/Maps/ThirdPersonExampleMap_BuiltData.uasset
[2018.07.19-19.35.59:504][414]SourceControl: fatal: E:/Programs/Unreal Engine/UE_4.19/Engine/Content: 'E:/Programs/Unreal Engine/UE_4.19/Engine/Content' is outside repository
[2018.07.19-19.35.59:613][414]LogPackageName: Error: Illegal call to DoesPackageExist: '../../../../../../Projects/Unreal Engine/Project_Alpha/Project_Alpha.uproject' is not a standard unreal filename or a long path name. Reason: Path should be no less than 4 characters long.
[2018.07.19-19.36.06:297][414]LogSlate: Window 'Submit Files' being destroyed
[2018.07.19-19.36.09:450][414]LogSourceControl: commit successful: [master 2d90493] First Commit
[2018.07.19-19.36.09:638][414]SourceControl: [master 2d90493] First Commit
[2018.07.19-19.36.09:638][414]SourceControl:  6 files changed, 6 insertions(+)
[2018.07.19-19.36.09:638][414]SourceControl:  create mode 100644 Content/ThirdPersonBP/Blueprints/ThirdPersonCharacter.uasset
[2018.07.19-19.36.09:638][414]SourceControl:  create mode 100644 Content/ThirdPersonBP/Blueprints/ThirdPersonGameMode.uasset
[2018.07.19-19.36.09:638][414]SourceControl:  create mode 100644 Content/ThirdPersonBP/Maps/ThirdPersonExampleMap.umap
[2018.07.19-19.36.09:638][414]SourceControl:  create mode 100644 Content/ThirdPersonBP/Maps/ThirdPersonExampleMap_BuiltData.uasset
[2018.07.19-19.36.09:638][414]SourceControl:  create mode 100644 Content/ThirdPersonBP/ThirdPersonOverview.uasset
[2018.07.19-19.36.09:638][414]SourceControl:  create mode 100644 Project_Alpha.uproject
[2018.07.19-19.36.09:643][414]SourceControl: Commited [master 2d90493] First Commit.
